d:\coding\openapoc\dependencies\sdl2_image\visualc\win32\debug\img_xxx.obj
d:\coding\openapoc\dependencies\sdl2_image\visualc\win32\debug\img_xv.obj
d:\coding\openapoc\dependencies\sdl2_image\visualc\win32\debug\img_xpm.obj
d:\coding\openapoc\dependencies\sdl2_image\visualc\win32\debug\img_xcf.obj
d:\coding\openapoc\dependencies\sdl2_image\visualc\win32\debug\img_webp.obj
d:\coding\openapoc\dependencies\sdl2_image\visualc\win32\debug\img_tif.obj
d:\coding\openapoc\dependencies\sdl2_image\visualc\win32\debug\img_tga.obj
d:\coding\openapoc\dependencies\sdl2_image\visualc\win32\debug\img_pnm.obj
d:\coding\openapoc\dependencies\sdl2_image\visualc\win32\debug\img_png.obj
d:\coding\openapoc\dependencies\sdl2_image\visualc\win32\debug\img_pcx.obj
d:\coding\openapoc\dependencies\sdl2_image\visualc\win32\debug\img_lbm.obj
d:\coding\openapoc\dependencies\sdl2_image\visualc\win32\debug\img_jpg.obj
d:\coding\openapoc\dependencies\sdl2_image\visualc\win32\debug\img_gif.obj
d:\coding\openapoc\dependencies\sdl2_image\visualc\win32\debug\img_bmp.obj
d:\coding\openapoc\dependencies\sdl2_image\visualc\win32\debug\img.obj
d:\coding\openapoc\win32\debug\libjpeg-9.dll
d:\coding\openapoc\win32\debug\libpng16-16.dll
d:\coding\openapoc\win32\debug\libtiff-5.dll
d:\coding\openapoc\win32\debug\libwebp-4.dll
d:\coding\openapoc\win32\debug\license.jpeg.txt
d:\coding\openapoc\win32\debug\license.png.txt
d:\coding\openapoc\win32\debug\license.tiff.txt
d:\coding\openapoc\win32\debug\license.webp.txt
d:\coding\openapoc\win32\debug\license.zlib.txt
d:\coding\openapoc\win32\debug\zlib1.dll
d:\coding\openapoc\bin\debug\sdl2_image.ilk
d:\coding\openapoc\bin\debug\sdl2_image.dll
d:\coding\openapoc\bin\debug\sdl2_image.pdb
d:\coding\openapoc\dependencies\sdl2_image\visualc\win32\debug\version.res
d:\coding\openapoc\bin\debug\sdl2_image.lib
d:\coding\openapoc\bin\debug\sdl2_image.exp
d:\coding\openapoc\\bin\debug\sdl2_image.pdb
d:\coding\openapoc\\bin\debug\sdl2_image.dll
d:\coding\openapoc\\bin\debug\sdl2_image.ilk
d:\coding\openapoc\dependencies\sdl2_image\visualc\win32\debug\sdl2_image.tlog\cl.command.1.tlog
d:\coding\openapoc\dependencies\sdl2_image\visualc\win32\debug\sdl2_image.tlog\cl.read.1.tlog
d:\coding\openapoc\dependencies\sdl2_image\visualc\win32\debug\sdl2_image.tlog\cl.write.1.tlog
d:\coding\openapoc\dependencies\sdl2_image\visualc\win32\debug\sdl2_image.tlog\custombuild.command.1.tlog
d:\coding\openapoc\dependencies\sdl2_image\visualc\win32\debug\sdl2_image.tlog\custombuild.read.1.tlog
d:\coding\openapoc\dependencies\sdl2_image\visualc\win32\debug\sdl2_image.tlog\custombuild.write.1.tlog
d:\coding\openapoc\dependencies\sdl2_image\visualc\win32\debug\sdl2_image.tlog\link.command.1.tlog
d:\coding\openapoc\dependencies\sdl2_image\visualc\win32\debug\sdl2_image.tlog\link.read.1.tlog
d:\coding\openapoc\dependencies\sdl2_image\visualc\win32\debug\sdl2_image.tlog\link.write.1.tlog
d:\coding\openapoc\dependencies\sdl2_image\visualc\win32\debug\sdl2_image.tlog\rc.command.1.tlog
d:\coding\openapoc\dependencies\sdl2_image\visualc\win32\debug\sdl2_image.tlog\rc.read.1.tlog
d:\coding\openapoc\dependencies\sdl2_image\visualc\win32\debug\sdl2_image.tlog\rc.write.1.tlog
d:\coding\openapoc\dependencies\sdl2_image\visualc\win32\debug\sdl2_image.tlog\sdl2_image.write.1u.tlog
